<?xml version="1.0" encoding="UTF-8"?>
<testsuite name="AWS_springboot.web.IndexControllerTest" tests="1" skipped="0" failures="0" errors="0" timestamp="2024-07-20T15:36:24" hostname="DESKTOP-5M18S57" time="0.218">
  <properties/>
  <testcase name="메인페이지_로딩" classname="AWS_springboot.web.IndexControllerTest" time="0.218"/>
  <system-out><![CDATA[2024-07-21 00:36:21.778  INFO 25372 --- [    Test worker] .b.t.c.SpringBootTestContextBootstrapper : Neither @ContextConfiguration nor @ContextHierarchy found for test class [AWS_springboot.web.IndexControllerTest], using SpringBootContextLoader
2024-07-21 00:36:21.779  INFO 25372 --- [    Test worker] o.s.t.c.support.AbstractContextLoader    : Could not detect default resource locations for test class [AWS_springboot.web.IndexControllerTest]: no resource found for suffixes {-context.xml, Context.groovy}.
2024-07-21 00:36:21.779  INFO 25372 --- [    Test worker] t.c.s.AnnotationConfigContextLoaderUtils : Could not detect default configuration classes for test class [AWS_springboot.web.IndexControllerTest]: IndexControllerTest does not declare any static, non-private, non-final, nested classes annotated with @Configuration.
2024-07-21 00:36:21.781  INFO 25372 --- [    Test worker] .b.t.c.SpringBootTestContextBootstrapper : Found @SpringBootConfiguration AWS_springboot.Application for test class AWS_springboot.web.IndexControllerTest
2024-07-21 00:36:21.783  INFO 25372 --- [    Test worker] .b.t.c.SpringBootTestContextBootstrapper : Loaded default TestExecutionListener class names from location [META-INF/spring.factories]: [org.springframework.security.test.context.support.WithSecurityContextTestExecutionListener, org.springframework.security.test.context.support.ReactorContextTestExecutionListener, org.springframework.boot.test.autoconfigure.restdocs.RestDocsTestExecutionListener, org.springframework.boot.test.autoconfigure.web.client.MockRestServiceServerResetTestExecutionListener, org.springframework.boot.test.autoconfigure.web.servlet.MockMvcPrintOnlyOnFailureTestExecutionListener, org.springframework.boot.test.autoconfigure.web.servlet.WebDriverTestExecutionListener, org.springframework.boot.test.mock.mockito.MockitoTestExecutionListener, org.springframework.boot.test.mock.mockito.ResetMocksTestExecutionListener, org.springframework.test.context.web.ServletTestExecutionListener, org.springframework.test.context.support.DirtiesContextBeforeModesTestExecutionListener, org.springframework.test.context.support.DependencyInjectionTestExecutionListener, org.springframework.test.context.support.DirtiesContextTestExecutionListener, org.springframework.test.context.transaction.TransactionalTestExecutionListener, org.springframework.test.context.jdbc.SqlScriptsTestExecutionListener]
2024-07-21 00:36:21.784  INFO 25372 --- [    Test worker] .b.t.c.SpringBootTestContextBootstrapper : Using TestExecutionListeners: [org.springframework.test.context.web.ServletTestExecutionListener@3d733db7, org.springframework.test.context.support.DirtiesContextBeforeModesTestExecutionListener@4ed65b4f, org.springframework.boot.test.mock.mockito.MockitoTestExecutionListener@71c862b0, org.springframework.boot.test.autoconfigure.SpringBootDependencyInjectionTestExecutionListener@19ce8ee0, org.springframework.test.context.support.DirtiesContextTestExecutionListener@3df486eb, org.springframework.test.context.transaction.TransactionalTestExecutionListener@4104ae39, org.springframework.test.context.jdbc.SqlScriptsTestExecutionListener@73eb894b, org.springframework.security.test.context.support.WithSecurityContextTestExecutionListener@1ebfa058, org.springframework.security.test.context.support.ReactorContextTestExecutionListener@7e5beba, org.springframework.boot.test.autoconfigure.restdocs.RestDocsTestExecutionListener@6374bd19, org.springframework.boot.test.autoconfigure.web.client.MockRestServiceServerResetTestExecutionListener@4c7ac1ed, org.springframework.boot.test.autoconfigure.web.servlet.MockMvcPrintOnlyOnFailureTestExecutionListener@2f24055a, org.springframework.boot.test.autoconfigure.web.servlet.WebDriverTestExecutionListener@59e7e6a, org.springframework.boot.test.mock.mockito.ResetMocksTestExecutionListener@43c487b5]

  .   ____          _            __ _ _
 /\\ / ___'_ __ _ _(_)_ __  __ _ \ \ \ \
( ( )\___ | '_ | '_| | '_ \/ _` | \ \ \ \
 \\/  ___)| |_)| | | | | || (_| |  ) ) ) )
  '  |____| .__|_| |_|_| |_\__, | / / / /
 =========|_|==============|___/=/_/_/_/
 :: Spring Boot ::        (v2.1.7.RELEASE)

2024-07-21 00:36:21.824  INFO 25372 --- [    Test worker] AWS_springboot.web.IndexControllerTest   : Starting IndexControllerTest on DESKTOP-5M18S57 with PID 25372 (started by 권지언 in C:\Users\jion\Desktop\springboot\AWS_springBoot-web)
2024-07-21 00:36:21.824  INFO 25372 --- [    Test worker] AWS_springboot.web.IndexControllerTest   : No active profile set, falling back to default profiles: default
2024-07-21 00:36:22.100  INFO 25372 --- [    Test worker] .s.d.r.c.RepositoryConfigurationDelegate : Bootstrapping Spring Data repositories in DEFAULT mode.
2024-07-21 00:36:22.129  INFO 25372 --- [    Test worker] .s.d.r.c.RepositoryConfigurationDelegate : Finished Spring Data repository scanning in 29ms. Found 2 repository interfaces.
2024-07-21 00:36:22.239  INFO 25372 --- [    Test worker] trationDelegate$BeanPostProcessorChecker : Bean 'org.springframework.transaction.annotation.ProxyTransactionManagementConfiguration' of type [org.springframework.transaction.annotation.ProxyTransactionManagementConfiguration$$EnhancerBySpringCGLIB$$b4dc1ec5] is not eligible for getting processed by all BeanPostProcessors (for example: not eligible for auto-proxying)
2024-07-21 00:36:22.568  INFO 25372 --- [    Test worker] o.s.b.w.embedded.tomcat.TomcatWebServer  : Tomcat initialized with port(s): 0 (http)
2024-07-21 00:36:22.612  INFO 25372 --- [    Test worker] o.apache.catalina.core.StandardService   : Starting service [Tomcat]
2024-07-21 00:36:22.613  INFO 25372 --- [    Test worker] org.apache.catalina.core.StandardEngine  : Starting Servlet engine: [Apache Tomcat/9.0.22]
2024-07-21 00:36:22.867  INFO 25372 --- [    Test worker] o.a.c.c.C.[Tomcat].[localhost].[/]       : Initializing Spring embedded WebApplicationContext
2024-07-21 00:36:22.867  INFO 25372 --- [    Test worker] o.s.web.context.ContextLoader            : Root WebApplicationContext: initialization completed in 1040 ms
2024-07-21 00:36:23.037  INFO 25372 --- [    Test worker] com.zaxxer.hikari.HikariDataSource       : HikariPool-2 - Starting...
2024-07-21 00:36:23.038  INFO 25372 --- [    Test worker] com.zaxxer.hikari.HikariDataSource       : HikariPool-2 - Start completed.
2024-07-21 00:36:23.084  INFO 25372 --- [    Test worker] o.hibernate.jpa.internal.util.LogHelper  : HHH000204: Processing PersistenceUnitInfo [
	name: default
	...]
2024-07-21 00:36:23.097  INFO 25372 --- [    Test worker] org.hibernate.dialect.Dialect            : HHH000400: Using dialect: org.hibernate.dialect.MySQL5InnoDBDialect
Hibernate: drop table if exists posts
Hibernate: drop table if exists user
Hibernate: create table posts (id bigint not null auto_increment, created_date datetime, modified_date datetime, author varchar(255), content TEXT not null, title varchar(500) not null, primary key (id)) engine=InnoDB
Hibernate: create table user (id bigint not null auto_increment, created_date datetime, modified_date datetime, email varchar(255) not null, name varchar(255) not null, picture varchar(255), role varchar(255) not null, primary key (id)) engine=InnoDB
2024-07-21 00:36:23.151  INFO 25372 --- [    Test worker] o.h.t.schema.internal.SchemaCreatorImpl  : HHH000476: Executing import script 'org.hibernate.tool.schema.internal.exec.ScriptSourceInputNonExistentImpl@5ef1ccf6'
2024-07-21 00:36:23.152  INFO 25372 --- [    Test worker] j.LocalContainerEntityManagerFactoryBean : Initialized JPA EntityManagerFactory for persistence unit 'default'
2024-07-21 00:36:23.469  INFO 25372 --- [    Test worker] o.h.h.i.QueryTranslatorFactoryInitiator  : HHH000397: Using ASTQueryTranslatorFactory
2024-07-21 00:36:23.630  INFO 25372 --- [    Test worker] o.s.s.web.DefaultSecurityFilterChain     : Creating filter chain: any request, [org.springframework.security.web.context.request.async.WebAsyncManagerIntegrationFilter@414fa43b, org.springframework.security.web.context.SecurityContextPersistenceFilter@371ec5a8, org.springframework.security.web.header.HeaderWriterFilter@139a807d, org.springframework.security.web.authentication.logout.LogoutFilter@36aed0f6, org.springframework.security.oauth2.client.web.OAuth2AuthorizationRequestRedirectFilter@4afe1bd2, org.springframework.security.oauth2.client.web.OAuth2LoginAuthenticationFilter@7fa7e593, org.springframework.security.web.authentication.ui.DefaultLoginPageGeneratingFilter@77dc7820, org.springframework.security.web.authentication.ui.DefaultLogoutPageGeneratingFilter@3100989f, org.springframework.security.web.savedrequest.RequestCacheAwareFilter@211cf755, org.springframework.security.web.servletapi.SecurityContextHolderAwareRequestFilter@66420263, org.springframework.security.web.authentication.AnonymousAuthenticationFilter@b9a25e6, org.springframework.security.web.session.SessionManagementFilter@3644f962, org.springframework.security.web.access.ExceptionTranslationFilter@1891c0ae, org.springframework.security.web.access.intercept.FilterSecurityInterceptor@6d63ab96]
2024-07-21 00:36:23.817  INFO 25372 --- [    Test worker] o.s.s.concurrent.ThreadPoolTaskExecutor  : Initializing ExecutorService 'applicationTaskExecutor'
2024-07-21 00:36:23.830  WARN 25372 --- [    Test worker] aWebConfiguration$JpaWebMvcConfiguration : spring.jpa.open-in-view is enabled by default. Therefore, database queries may be performed during view rendering. Explicitly configure spring.jpa.open-in-view to disable this warning
2024-07-21 00:36:23.856  INFO 25372 --- [    Test worker] o.s.b.a.w.s.WelcomePageHandlerMapping    : Adding welcome page template: index
2024-07-21 00:36:24.157  INFO 25372 --- [    Test worker] s.a.ScheduledAnnotationBeanPostProcessor : No TaskScheduler/ScheduledExecutorService bean found for scheduled processing
2024-07-21 00:36:24.188  INFO 25372 --- [    Test worker] o.s.b.w.embedded.tomcat.TomcatWebServer  : Tomcat started on port(s): 64309 (http) with context path ''
2024-07-21 00:36:24.188  INFO 25372 --- [    Test worker] AWS_springboot.web.IndexControllerTest   : Started IndexControllerTest in 2.402 seconds (JVM running for 14.106)
2024-07-21 00:36:24.302  INFO 25372 --- [o-auto-1-exec-1] o.a.c.c.C.[Tomcat].[localhost].[/]       : Initializing Spring DispatcherServlet 'dispatcherServlet'
2024-07-21 00:36:24.302  INFO 25372 --- [o-auto-1-exec-1] o.s.web.servlet.DispatcherServlet        : Initializing Servlet 'dispatcherServlet'
2024-07-21 00:36:24.324  INFO 25372 --- [o-auto-1-exec-1] o.s.web.servlet.DispatcherServlet        : Completed initialization in 22 ms
Hibernate: select posts0_.id as id1_0_, posts0_.created_date as created_2_0_, posts0_.modified_date as modified3_0_, posts0_.author as author4_0_, posts0_.content as content5_0_, posts0_.title as title6_0_ from posts posts0_ order by posts0_.id DESC
]]></system-out>
  <system-err><![CDATA[]]></system-err>
</testsuite>
