<?xml version="1.0" encoding="UTF-8"?>
<testsuite name="AWS_springboot.web.HelloControllerTest" tests="2" skipped="0" failures="0" errors="0" timestamp="2024-07-20T15:36:15" hostname="DESKTOP-5M18S57" time="0.757">
  <properties/>
  <testcase name="hello가_리턴된다" classname="AWS_springboot.web.HelloControllerTest" time="0.652"/>
  <testcase name="helloDto가_리턴된다" classname="AWS_springboot.web.HelloControllerTest" time="0.104"/>
  <system-out><![CDATA[00:36:11.221 [Test worker] DEBUG org.springframework.test.context.junit4.SpringJUnit4ClassRunner - SpringJUnit4ClassRunner constructor called with [class AWS_springboot.web.HelloControllerTest]
00:36:11.230 [Test worker] DEBUG org.springframework.test.context.BootstrapUtils - Instantiating CacheAwareContextLoaderDelegate from class [org.springframework.test.context.cache.DefaultCacheAwareContextLoaderDelegate]
00:36:11.241 [Test worker] DEBUG org.springframework.test.context.BootstrapUtils - Instantiating BootstrapContext using constructor [public org.springframework.test.context.support.DefaultBootstrapContext(java.lang.Class,org.springframework.test.context.CacheAwareContextLoaderDelegate)]
00:36:11.262 [Test worker] DEBUG org.springframework.test.context.BootstrapUtils - Instantiating TestContextBootstrapper for test class [AWS_springboot.web.HelloControllerTest] from class [org.springframework.boot.test.autoconfigure.web.servlet.WebMvcTestContextBootstrapper]
00:36:11.292 [Test worker] INFO org.springframework.boot.test.autoconfigure.web.servlet.WebMvcTestContextBootstrapper - Neither @ContextConfiguration nor @ContextHierarchy found for test class [AWS_springboot.web.HelloControllerTest], using SpringBootContextLoader
00:36:11.296 [Test worker] DEBUG org.springframework.test.context.support.AbstractContextLoader - Did not detect default resource location for test class [AWS_springboot.web.HelloControllerTest]: class path resource [AWS_springboot/web/HelloControllerTest-context.xml] does not exist
00:36:11.297 [Test worker] DEBUG org.springframework.test.context.support.AbstractContextLoader - Did not detect default resource location for test class [AWS_springboot.web.HelloControllerTest]: class path resource [AWS_springboot/web/HelloControllerTestContext.groovy] does not exist
00:36:11.297 [Test worker] INFO org.springframework.test.context.support.AbstractContextLoader - Could not detect default resource locations for test class [AWS_springboot.web.HelloControllerTest]: no resource found for suffixes {-context.xml, Context.groovy}.
00:36:11.298 [Test worker] INFO org.springframework.test.context.support.AnnotationConfigContextLoaderUtils - Could not detect default configuration classes for test class [AWS_springboot.web.HelloControllerTest]: HelloControllerTest does not declare any static, non-private, non-final, nested classes annotated with @Configuration.
00:36:11.396 [Test worker] DEBUG org.springframework.test.context.support.ActiveProfilesUtils - Could not find an 'annotation declaring class' for annotation type [org.springframework.test.context.ActiveProfiles] and class [AWS_springboot.web.HelloControllerTest]
00:36:11.496 [Test worker] DEBUG org.springframework.context.annotation.ClassPathScanningCandidateComponentProvider - Identified candidate component class: file [C:\Users\jion\Desktop\springboot\AWS_springBoot-web\build\classes\java\main\AWS_springboot\Application.class]
00:36:11.498 [Test worker] INFO org.springframework.boot.test.context.SpringBootTestContextBootstrapper - Found @SpringBootConfiguration AWS_springboot.Application for test class AWS_springboot.web.HelloControllerTest
00:36:11.501 [Test worker] DEBUG org.springframework.boot.test.autoconfigure.web.servlet.WebMvcTestContextBootstrapper - @TestExecutionListeners is not present for class [AWS_springboot.web.HelloControllerTest]: using defaults.
00:36:11.502 [Test worker] INFO org.springframework.boot.test.autoconfigure.web.servlet.WebMvcTestContextBootstrapper - Loaded default TestExecutionListener class names from location [META-INF/spring.factories]: [org.springframework.security.test.context.support.WithSecurityContextTestExecutionListener, org.springframework.security.test.context.support.ReactorContextTestExecutionListener, org.springframework.boot.test.autoconfigure.restdocs.RestDocsTestExecutionListener, org.springframework.boot.test.autoconfigure.web.client.MockRestServiceServerResetTestExecutionListener, org.springframework.boot.test.autoconfigure.web.servlet.MockMvcPrintOnlyOnFailureTestExecutionListener, org.springframework.boot.test.autoconfigure.web.servlet.WebDriverTestExecutionListener, org.springframework.boot.test.mock.mockito.MockitoTestExecutionListener, org.springframework.boot.test.mock.mockito.ResetMocksTestExecutionListener, org.springframework.test.context.web.ServletTestExecutionListener, org.springframework.test.context.support.DirtiesContextBeforeModesTestExecutionListener, org.springframework.test.context.support.DependencyInjectionTestExecutionListener, org.springframework.test.context.support.DirtiesContextTestExecutionListener, org.springframework.test.context.transaction.TransactionalTestExecutionListener, org.springframework.test.context.jdbc.SqlScriptsTestExecutionListener]
00:36:11.531 [Test worker] INFO org.springframework.boot.test.autoconfigure.web.servlet.WebMvcTestContextBootstrapper - Using TestExecutionListeners: [org.springframework.test.context.web.ServletTestExecutionListener@17d4cdfc, org.springframework.test.context.support.DirtiesContextBeforeModesTestExecutionListener@28e92fd8, org.springframework.boot.test.mock.mockito.MockitoTestExecutionListener@2e880fda, org.springframework.boot.test.autoconfigure.SpringBootDependencyInjectionTestExecutionListener@74814396, org.springframework.test.context.support.DirtiesContextTestExecutionListener@450bdbd7, org.springframework.test.context.transaction.TransactionalTestExecutionListener@247dab41, org.springframework.test.context.jdbc.SqlScriptsTestExecutionListener@4a6596cb, org.springframework.security.test.context.support.WithSecurityContextTestExecutionListener@3486f1e2, org.springframework.security.test.context.support.ReactorContextTestExecutionListener@2f4841c6, org.springframework.boot.test.autoconfigure.restdocs.RestDocsTestExecutionListener@6626c0cd, org.springframework.boot.test.autoconfigure.web.client.MockRestServiceServerResetTestExecutionListener@93d10c, org.springframework.boot.test.autoconfigure.web.servlet.MockMvcPrintOnlyOnFailureTestExecutionListener@399391d, org.springframework.boot.test.autoconfigure.web.servlet.WebDriverTestExecutionListener@6eb20ed9, org.springframework.boot.test.mock.mockito.ResetMocksTestExecutionListener@3ec28b6a]
00:36:11.541 [Test worker] DEBUG org.springframework.test.annotation.ProfileValueUtils - Retrieved @ProfileValueSourceConfiguration [null] for test class [AWS_springboot.web.HelloControllerTest]
00:36:11.542 [Test worker] DEBUG org.springframework.test.annotation.ProfileValueUtils - Retrieved ProfileValueSource type [class org.springframework.test.annotation.SystemProfileValueSource] for class [AWS_springboot.web.HelloControllerTest]
00:36:11.543 [Test worker] DEBUG org.springframework.test.annotation.ProfileValueUtils - Retrieved @ProfileValueSourceConfiguration [null] for test class [AWS_springboot.web.HelloControllerTest]
00:36:11.543 [Test worker] DEBUG org.springframework.test.annotation.ProfileValueUtils - Retrieved ProfileValueSource type [class org.springframework.test.annotation.SystemProfileValueSource] for class [AWS_springboot.web.HelloControllerTest]
00:36:11.551 [Test worker] DEBUG org.springframework.test.context.support.AbstractDirtiesContextTestExecutionListener - Before test class: context [DefaultTestContext@407b9074 testClass = HelloControllerTest, testInstance = [null], testMethod = [null], testException = [null], mergedContextConfiguration = [WebMergedContextConfiguration@291e20e8 testClass = HelloControllerTest, locations = '{}', classes = '{class AWS_springboot.Application}', contextInitializerClasses = '[]', activeProfiles = '{}', propertySourceLocations = '{}', propertySourceProperties = '{org.springframework.boot.test.autoconfigure.web.servlet.WebMvcTestContextBootstrapper=true}', contextCustomizers = set[org.springframework.boot.test.autoconfigure.OverrideAutoConfigurationContextCustomizerFactory$DisableAutoConfigurationContextCustomizer@20e9778f, org.springframework.boot.test.autoconfigure.filter.TypeExcludeFiltersContextCustomizer@41a48fa, org.springframework.boot.test.autoconfigure.properties.PropertyMappingContextCustomizer@bcd95441, org.springframework.boot.test.autoconfigure.web.servlet.WebDriverContextCustomizerFactory$Customizer@7aa6350a, [ImportsContextCustomizer@7f9e56a7 key = [org.springframework.boot.autoconfigure.cache.CacheAutoConfiguration, org.springframework.boot.autoconfigure.context.MessageSourceAutoConfiguration, org.springframework.boot.autoconfigure.data.web.SpringDataWebAutoConfiguration, org.springframework.boot.autoconfigure.freemarker.FreeMarkerAutoConfiguration, org.springframework.boot.autoconfigure.groovy.template.GroovyTemplateAutoConfiguration, org.springframework.boot.autoconfigure.gson.GsonAutoConfiguration, org.springframework.boot.autoconfigure.hateoas.HypermediaAutoConfiguration, org.springframework.boot.autoconfigure.http.HttpMessageConvertersAutoConfiguration, org.springframework.boot.autoconfigure.jackson.JacksonAutoConfiguration, org.springframework.boot.autoconfigure.jsonb.JsonbAutoConfiguration, org.springframework.boot.autoconfigure.mustache.MustacheAutoConfiguration, org.springframework.boot.autoconfigure.task.TaskExecutionAutoConfiguration, org.springframework.boot.autoconfigure.thymeleaf.ThymeleafAutoConfiguration, org.springframework.boot.autoconfigure.validation.ValidationAutoConfiguration, org.springframework.boot.autoconfigure.web.servlet.error.ErrorMvcAutoConfiguration, org.springframework.boot.autoconfigure.web.servlet.WebMvcAutoConfiguration, org.springframework.boot.test.autoconfigure.web.servlet.MockMvcAutoConfiguration, org.springframework.boot.test.autoconfigure.web.servlet.MockMvcSecurityAutoConfiguration, org.springframework.boot.test.autoconfigure.web.servlet.MockMvcWebClientAutoConfiguration, org.springframework.boot.test.autoconfigure.web.servlet.MockMvcWebDriverAutoConfiguration]], org.springframework.boot.test.context.filter.ExcludeFilterContextCustomizer@602d92e1, org.springframework.boot.test.json.DuplicateJsonObjectContextCustomizerFactory$DuplicateJsonObjectContextCustomizer@5180a359, org.springframework.boot.test.mock.mockito.MockitoContextCustomizer@0], resourceBasePath = 'src/main/webapp', contextLoader = 'org.springframework.boot.test.context.SpringBootContextLoader', parent = [null]], attributes = map[[empty]]], class annotated with @DirtiesContext [false] with mode [null].
00:36:11.553 [Test worker] DEBUG org.springframework.test.annotation.ProfileValueUtils - Retrieved @ProfileValueSourceConfiguration [null] for test class [AWS_springboot.web.HelloControllerTest]
00:36:11.553 [Test worker] DEBUG org.springframework.test.annotation.ProfileValueUtils - Retrieved ProfileValueSource type [class org.springframework.test.annotation.SystemProfileValueSource] for class [AWS_springboot.web.HelloControllerTest]
00:36:11.561 [Test worker] DEBUG org.springframework.test.context.support.DependencyInjectionTestExecutionListener - Performing dependency injection for test context [[DefaultTestContext@407b9074 testClass = HelloControllerTest, testInstance = AWS_springboot.web.HelloControllerTest@418bcdce, testMethod = [null], testException = [null], mergedContextConfiguration = [WebMergedContextConfiguration@291e20e8 testClass = HelloControllerTest, locations = '{}', classes = '{class AWS_springboot.Application}', contextInitializerClasses = '[]', activeProfiles = '{}', propertySourceLocations = '{}', propertySourceProperties = '{org.springframework.boot.test.autoconfigure.web.servlet.WebMvcTestContextBootstrapper=true}', contextCustomizers = set[org.springframework.boot.test.autoconfigure.OverrideAutoConfigurationContextCustomizerFactory$DisableAutoConfigurationContextCustomizer@20e9778f, org.springframework.boot.test.autoconfigure.filter.TypeExcludeFiltersContextCustomizer@41a48fa, org.springframework.boot.test.autoconfigure.properties.PropertyMappingContextCustomizer@bcd95441, org.springframework.boot.test.autoconfigure.web.servlet.WebDriverContextCustomizerFactory$Customizer@7aa6350a, [ImportsContextCustomizer@7f9e56a7 key = [org.springframework.boot.autoconfigure.cache.CacheAutoConfiguration, org.springframework.boot.autoconfigure.context.MessageSourceAutoConfiguration, org.springframework.boot.autoconfigure.data.web.SpringDataWebAutoConfiguration, org.springframework.boot.autoconfigure.freemarker.FreeMarkerAutoConfiguration, org.springframework.boot.autoconfigure.groovy.template.GroovyTemplateAutoConfiguration, org.springframework.boot.autoconfigure.gson.GsonAutoConfiguration, org.springframework.boot.autoconfigure.hateoas.HypermediaAutoConfiguration, org.springframework.boot.autoconfigure.http.HttpMessageConvertersAutoConfiguration, org.springframework.boot.autoconfigure.jackson.JacksonAutoConfiguration, org.springframework.boot.autoconfigure.jsonb.JsonbAutoConfiguration, org.springframework.boot.autoconfigure.mustache.MustacheAutoConfiguration, org.springframework.boot.autoconfigure.task.TaskExecutionAutoConfiguration, org.springframework.boot.autoconfigure.thymeleaf.ThymeleafAutoConfiguration, org.springframework.boot.autoconfigure.validation.ValidationAutoConfiguration, org.springframework.boot.autoconfigure.web.servlet.error.ErrorMvcAutoConfiguration, org.springframework.boot.autoconfigure.web.servlet.WebMvcAutoConfiguration, org.springframework.boot.test.autoconfigure.web.servlet.MockMvcAutoConfiguration, org.springframework.boot.test.autoconfigure.web.servlet.MockMvcSecurityAutoConfiguration, org.springframework.boot.test.autoconfigure.web.servlet.MockMvcWebClientAutoConfiguration, org.springframework.boot.test.autoconfigure.web.servlet.MockMvcWebDriverAutoConfiguration]], org.springframework.boot.test.context.filter.ExcludeFilterContextCustomizer@602d92e1, org.springframework.boot.test.json.DuplicateJsonObjectContextCustomizerFactory$DuplicateJsonObjectContextCustomizer@5180a359, org.springframework.boot.test.mock.mockito.MockitoContextCustomizer@0], resourceBasePath = 'src/main/webapp', contextLoader = 'org.springframework.boot.test.context.SpringBootContextLoader', parent = [null]], attributes = map[[empty]]]].
00:36:11.724 [Test worker] DEBUG org.springframework.test.context.support.TestPropertySourceUtils - Adding inlined properties to environment: {spring.jmx.enabled=false, org.springframework.boot.test.autoconfigure.web.servlet.WebMvcTestContextBootstrapper=true, server.port=-1}

  .   ____          _            __ _ _
 /\\ / ___'_ __ _ _(_)_ __  __ _ \ \ \ \
( ( )\___ | '_ | '_| | '_ \/ _` | \ \ \ \
 \\/  ___)| |_)| | | | | || (_| |  ) ) ) )
  '  |____| .__|_| |_|_| |_\__, | / / / /
 =========|_|==============|___/=/_/_/_/
 :: Spring Boot ::        (v2.1.7.RELEASE)

2024-07-21 00:36:12.122  INFO 25372 --- [    Test worker] AWS_springboot.web.HelloControllerTest   : Starting HelloControllerTest on DESKTOP-5M18S57 with PID 25372 (started by 권지언 in C:\Users\jion\Desktop\springboot\AWS_springBoot-web)
2024-07-21 00:36:12.125  INFO 25372 --- [    Test worker] AWS_springboot.web.HelloControllerTest   : No active profile set, falling back to default profiles: default
2024-07-21 00:36:13.996  INFO 25372 --- [    Test worker] o.s.s.concurrent.ThreadPoolTaskExecutor  : Initializing ExecutorService 'applicationTaskExecutor'
2024-07-21 00:36:14.129  INFO 25372 --- [    Test worker] o.s.b.a.w.s.WelcomePageHandlerMapping    : Adding welcome page template: index
2024-07-21 00:36:14.578  INFO 25372 --- [    Test worker] .s.s.UserDetailsServiceAutoConfiguration : 

Using generated security password: f9bcb2fa-0892-4cdb-8c22-cf91b9ab862d

2024-07-21 00:36:14.882  INFO 25372 --- [    Test worker] o.s.s.web.DefaultSecurityFilterChain     : Creating filter chain: any request, [org.springframework.security.web.context.request.async.WebAsyncManagerIntegrationFilter@9ef131, org.springframework.security.web.context.SecurityContextPersistenceFilter@165985aa, org.springframework.security.web.header.HeaderWriterFilter@7e845951, org.springframework.security.web.csrf.CsrfFilter@35b50c8b, org.springframework.security.web.authentication.logout.LogoutFilter@583f9237, org.springframework.security.web.authentication.UsernamePasswordAuthenticationFilter@45d23453, org.springframework.security.web.authentication.ui.DefaultLoginPageGeneratingFilter@469c0b0a, org.springframework.security.web.authentication.ui.DefaultLogoutPageGeneratingFilter@13039f30, org.springframework.security.web.authentication.www.BasicAuthenticationFilter@4c151d1b, org.springframework.security.web.savedrequest.RequestCacheAwareFilter@15644004, org.springframework.security.web.servletapi.SecurityContextHolderAwareRequestFilter@5fed303, org.springframework.security.web.authentication.AnonymousAuthenticationFilter@2d949b42, org.springframework.security.web.session.SessionManagementFilter@6fe0f2f4, org.springframework.security.web.access.ExceptionTranslationFilter@45cd5c10, org.springframework.security.web.access.intercept.FilterSecurityInterceptor@6a4b4cd6]
2024-07-21 00:36:14.949  INFO 25372 --- [    Test worker] o.s.b.t.m.w.SpringBootMockServletContext : Initializing Spring TestDispatcherServlet ''
2024-07-21 00:36:14.950  INFO 25372 --- [    Test worker] o.s.t.web.servlet.TestDispatcherServlet  : Initializing Servlet ''
2024-07-21 00:36:14.973  INFO 25372 --- [    Test worker] o.s.t.web.servlet.TestDispatcherServlet  : Completed initialization in 23 ms
2024-07-21 00:36:15.041  INFO 25372 --- [    Test worker] AWS_springboot.web.HelloControllerTest   : Started HelloControllerTest in 3.302 seconds (JVM running for 4.959)
]]></system-out>
  <system-err><![CDATA[]]></system-err>
</testsuite>
