<?xml version="1.0" encoding="UTF-8"?>
<testsuite name="AWS_springboot.web.domain.posts.PostsRepositoryTest" tests="2" skipped="0" failures="0" errors="0" timestamp="2024-07-20T15:36:21" hostname="DESKTOP-5M18S57" time="0.256">
  <properties/>
  <testcase name="게시글저장_불러오기" classname="AWS_springboot.web.domain.posts.PostsRepositoryTest" time="0.242"/>
  <testcase name="BaseTimeEntity_등록" classname="AWS_springboot.web.domain.posts.PostsRepositoryTest" time="0.014"/>
  <system-out><![CDATA[2024-07-21 00:36:15.821  INFO 25372 --- [    Test worker] .b.t.c.SpringBootTestContextBootstrapper : Neither @ContextConfiguration nor @ContextHierarchy found for test class [AWS_springboot.web.domain.posts.PostsRepositoryTest], using SpringBootContextLoader
2024-07-21 00:36:15.822  INFO 25372 --- [    Test worker] o.s.t.c.support.AbstractContextLoader    : Could not detect default resource locations for test class [AWS_springboot.web.domain.posts.PostsRepositoryTest]: no resource found for suffixes {-context.xml, Context.groovy}.
2024-07-21 00:36:15.823  INFO 25372 --- [    Test worker] t.c.s.AnnotationConfigContextLoaderUtils : Could not detect default configuration classes for test class [AWS_springboot.web.domain.posts.PostsRepositoryTest]: PostsRepositoryTest does not declare any static, non-private, non-final, nested classes annotated with @Configuration.
2024-07-21 00:36:15.846  INFO 25372 --- [    Test worker] .b.t.c.SpringBootTestContextBootstrapper : Found @SpringBootConfiguration AWS_springboot.Application for test class AWS_springboot.web.domain.posts.PostsRepositoryTest
2024-07-21 00:36:15.848  INFO 25372 --- [    Test worker] .b.t.c.SpringBootTestContextBootstrapper : Loaded default TestExecutionListener class names from location [META-INF/spring.factories]: [org.springframework.security.test.context.support.WithSecurityContextTestExecutionListener, org.springframework.security.test.context.support.ReactorContextTestExecutionListener, org.springframework.boot.test.autoconfigure.restdocs.RestDocsTestExecutionListener, org.springframework.boot.test.autoconfigure.web.client.MockRestServiceServerResetTestExecutionListener, org.springframework.boot.test.autoconfigure.web.servlet.MockMvcPrintOnlyOnFailureTestExecutionListener, org.springframework.boot.test.autoconfigure.web.servlet.WebDriverTestExecutionListener, org.springframework.boot.test.mock.mockito.MockitoTestExecutionListener, org.springframework.boot.test.mock.mockito.ResetMocksTestExecutionListener, org.springframework.test.context.web.ServletTestExecutionListener, org.springframework.test.context.support.DirtiesContextBeforeModesTestExecutionListener, org.springframework.test.context.support.DependencyInjectionTestExecutionListener, org.springframework.test.context.support.DirtiesContextTestExecutionListener, org.springframework.test.context.transaction.TransactionalTestExecutionListener, org.springframework.test.context.jdbc.SqlScriptsTestExecutionListener]
2024-07-21 00:36:15.850  INFO 25372 --- [    Test worker] .b.t.c.SpringBootTestContextBootstrapper : Using TestExecutionListeners: [org.springframework.test.context.web.ServletTestExecutionListener@648d42fe, org.springframework.test.context.support.DirtiesContextBeforeModesTestExecutionListener@5713f8b, org.springframework.boot.test.mock.mockito.MockitoTestExecutionListener@24fd3c6d, org.springframework.boot.test.autoconfigure.SpringBootDependencyInjectionTestExecutionListener@7082249f, org.springframework.test.context.support.DirtiesContextTestExecutionListener@7e1612c3, org.springframework.test.context.transaction.TransactionalTestExecutionListener@7217e7ed, org.springframework.test.context.jdbc.SqlScriptsTestExecutionListener@3fc4a396, org.springframework.security.test.context.support.WithSecurityContextTestExecutionListener@5e83ce2d, org.springframework.security.test.context.support.ReactorContextTestExecutionListener@104d4f34, org.springframework.boot.test.autoconfigure.restdocs.RestDocsTestExecutionListener@5da8ea5f, org.springframework.boot.test.autoconfigure.web.client.MockRestServiceServerResetTestExecutionListener@47ea3a6f, org.springframework.boot.test.autoconfigure.web.servlet.MockMvcPrintOnlyOnFailureTestExecutionListener@7586619, org.springframework.boot.test.autoconfigure.web.servlet.WebDriverTestExecutionListener@7d16bd29, org.springframework.boot.test.mock.mockito.ResetMocksTestExecutionListener@67765ac6]

  .   ____          _            __ _ _
 /\\ / ___'_ __ _ _(_)_ __  __ _ \ \ \ \
( ( )\___ | '_ | '_| | '_ \/ _` | \ \ \ \
 \\/  ___)| |_)| | | | | || (_| |  ) ) ) )
  '  |____| .__|_| |_|_| |_\__, | / / / /
 =========|_|==============|___/=/_/_/_/
 :: Spring Boot ::        (v2.1.7.RELEASE)

2024-07-21 00:36:15.883  INFO 25372 --- [    Test worker] A.web.domain.posts.PostsRepositoryTest   : Starting PostsRepositoryTest on DESKTOP-5M18S57 with PID 25372 (started by 권지언 in C:\Users\jion\Desktop\springboot\AWS_springBoot-web)
2024-07-21 00:36:15.884  INFO 25372 --- [    Test worker] A.web.domain.posts.PostsRepositoryTest   : No active profile set, falling back to default profiles: default
2024-07-21 00:36:16.501  INFO 25372 --- [    Test worker] .s.d.r.c.RepositoryConfigurationDelegate : Bootstrapping Spring Data repositories in DEFAULT mode.
2024-07-21 00:36:16.615  INFO 25372 --- [    Test worker] .s.d.r.c.RepositoryConfigurationDelegate : Finished Spring Data repository scanning in 99ms. Found 2 repository interfaces.
2024-07-21 00:36:16.969  INFO 25372 --- [    Test worker] trationDelegate$BeanPostProcessorChecker : Bean 'org.springframework.transaction.annotation.ProxyTransactionManagementConfiguration' of type [org.springframework.transaction.annotation.ProxyTransactionManagementConfiguration$$EnhancerBySpringCGLIB$$b4dc1ec5] is not eligible for getting processed by all BeanPostProcessors (for example: not eligible for auto-proxying)
2024-07-21 00:36:17.385  INFO 25372 --- [    Test worker] com.zaxxer.hikari.HikariDataSource       : HikariPool-1 - Starting...
2024-07-21 00:36:17.714  INFO 25372 --- [    Test worker] com.zaxxer.hikari.HikariDataSource       : HikariPool-1 - Start completed.
2024-07-21 00:36:17.836  INFO 25372 --- [    Test worker] o.hibernate.jpa.internal.util.LogHelper  : HHH000204: Processing PersistenceUnitInfo [
	name: default
	...]
2024-07-21 00:36:17.989  INFO 25372 --- [    Test worker] org.hibernate.Version                    : HHH000412: Hibernate Core {5.3.10.Final}
2024-07-21 00:36:17.991  INFO 25372 --- [    Test worker] org.hibernate.cfg.Environment            : HHH000206: hibernate.properties not found
2024-07-21 00:36:18.088  INFO 25372 --- [    Test worker] o.hibernate.annotations.common.Version   : HCANN000001: Hibernate Commons Annotations {5.0.4.Final}
2024-07-21 00:36:18.377  INFO 25372 --- [    Test worker] org.hibernate.dialect.Dialect            : HHH000400: Using dialect: org.hibernate.dialect.MySQL5InnoDBDialect
Hibernate: drop table if exists posts
Hibernate: drop table if exists user
Hibernate: create table posts (id bigint not null auto_increment, created_date datetime, modified_date datetime, author varchar(255), content TEXT not null, title varchar(500) not null, primary key (id)) engine=InnoDB
Hibernate: create table user (id bigint not null auto_increment, created_date datetime, modified_date datetime, email varchar(255) not null, name varchar(255) not null, picture varchar(255), role varchar(255) not null, primary key (id)) engine=InnoDB
2024-07-21 00:36:19.236  INFO 25372 --- [    Test worker] o.h.t.schema.internal.SchemaCreatorImpl  : HHH000476: Executing import script 'org.hibernate.tool.schema.internal.exec.ScriptSourceInputNonExistentImpl@5ef1ccf6'
2024-07-21 00:36:19.242  INFO 25372 --- [    Test worker] j.LocalContainerEntityManagerFactoryBean : Initialized JPA EntityManagerFactory for persistence unit 'default'
2024-07-21 00:36:19.953  INFO 25372 --- [    Test worker] o.h.h.i.QueryTranslatorFactoryInitiator  : HHH000397: Using ASTQueryTranslatorFactory
2024-07-21 00:36:20.404  INFO 25372 --- [    Test worker] o.s.s.web.DefaultSecurityFilterChain     : Creating filter chain: any request, [org.springframework.security.web.context.request.async.WebAsyncManagerIntegrationFilter@fafb56c, org.springframework.security.web.context.SecurityContextPersistenceFilter@7c0f9c3f, org.springframework.security.web.header.HeaderWriterFilter@25709af9, org.springframework.security.web.authentication.logout.LogoutFilter@638b620f, org.springframework.security.oauth2.client.web.OAuth2AuthorizationRequestRedirectFilter@22bbd1f1, org.springframework.security.oauth2.client.web.OAuth2LoginAuthenticationFilter@4c91b3fc, org.springframework.security.web.authentication.ui.DefaultLoginPageGeneratingFilter@63e5e428, org.springframework.security.web.authentication.ui.DefaultLogoutPageGeneratingFilter@73bb6d7d, org.springframework.security.web.savedrequest.RequestCacheAwareFilter@26b1a25e, org.springframework.security.web.servletapi.SecurityContextHolderAwareRequestFilter@7374323, org.springframework.security.web.authentication.AnonymousAuthenticationFilter@4e080b28, org.springframework.security.web.session.SessionManagementFilter@b3de16c, org.springframework.security.web.access.ExceptionTranslationFilter@358ded25, org.springframework.security.web.access.intercept.FilterSecurityInterceptor@4530b7ca]
2024-07-21 00:36:20.855  INFO 25372 --- [    Test worker] o.s.s.concurrent.ThreadPoolTaskExecutor  : Initializing ExecutorService 'applicationTaskExecutor'
2024-07-21 00:36:20.874  WARN 25372 --- [    Test worker] aWebConfiguration$JpaWebMvcConfiguration : spring.jpa.open-in-view is enabled by default. Therefore, database queries may be performed during view rendering. Explicitly configure spring.jpa.open-in-view to disable this warning
2024-07-21 00:36:20.912  INFO 25372 --- [    Test worker] o.s.b.a.w.s.WelcomePageHandlerMapping    : Adding welcome page template: index
2024-07-21 00:36:21.494  INFO 25372 --- [    Test worker] s.a.ScheduledAnnotationBeanPostProcessor : No TaskScheduler/ScheduledExecutorService bean found for scheduled processing
2024-07-21 00:36:21.505  INFO 25372 --- [    Test worker] A.web.domain.posts.PostsRepositoryTest   : Started PostsRepositoryTest in 5.653 seconds (JVM running for 11.423)
Hibernate: insert into posts (created_date, modified_date, author, content, title) values (?, ?, ?, ?, ?)
Hibernate: select posts0_.id as id1_0_, posts0_.created_date as created_2_0_, posts0_.modified_date as modified3_0_, posts0_.author as author4_0_, posts0_.content as content5_0_, posts0_.title as title6_0_ from posts posts0_
Hibernate: select posts0_.id as id1_0_, posts0_.created_date as created_2_0_, posts0_.modified_date as modified3_0_, posts0_.author as author4_0_, posts0_.content as content5_0_, posts0_.title as title6_0_ from posts posts0_
Hibernate: delete from posts where id=?
Hibernate: insert into posts (created_date, modified_date, author, content, title) values (?, ?, ?, ?, ?)
Hibernate: select posts0_.id as id1_0_, posts0_.created_date as created_2_0_, posts0_.modified_date as modified3_0_, posts0_.author as author4_0_, posts0_.content as content5_0_, posts0_.title as title6_0_ from posts posts0_
>>>>>>>> createDate=2024-07-21T00:36:21.755531, modifiedDate=2024-07-21T00:36:21.755531
Hibernate: select posts0_.id as id1_0_, posts0_.created_date as created_2_0_, posts0_.modified_date as modified3_0_, posts0_.author as author4_0_, posts0_.content as content5_0_, posts0_.title as title6_0_ from posts posts0_
Hibernate: delete from posts where id=?
]]></system-out>
  <system-err><![CDATA[]]></system-err>
</testsuite>
